d:\project\studia\semestr_vi\aws\aws\debug\vc141.pdb
d:\project\studia\semestr_vi\aws\aws\debug\vc141.idb
d:\project\studia\semestr_vi\aws\aws\debug\section.obj
d:\project\studia\semestr_vi\aws\aws\debug\record.obj
d:\project\studia\semestr_vi\aws\aws\debug\manager.obj
d:\project\studia\semestr_vi\aws\aws\debug\main.obj
d:\project\studia\semestr_vi\aws\aws\debug\file.obj
d:\project\studia\semestr_vi\aws\aws\debug\engine.obj
d:\project\studia\semestr_vi\aws\debug\aws.ilk
d:\project\studia\semestr_vi\aws\debug\aws.exe
d:\project\studia\semestr_vi\aws\debug\aws.pdb
d:\project\studia\semestr_vi\aws\aws\debug\aws.res
d:\project\studia\semestr_vi\aws\aws\debug\aws.tlog\cl.command.1.tlog
d:\project\studia\semestr_vi\aws\aws\debug\aws.tlog\cl.read.1.tlog
d:\project\studia\semestr_vi\aws\aws\debug\aws.tlog\cl.write.1.tlog
d:\project\studia\semestr_vi\aws\aws\debug\aws.tlog\link.command.1.tlog
d:\project\studia\semestr_vi\aws\aws\debug\aws.tlog\link.read.1.tlog
d:\project\studia\semestr_vi\aws\aws\debug\aws.tlog\link.write.1.tlog
d:\project\studia\semestr_vi\aws\aws\debug\aws.tlog\rc.command.1.tlog
d:\project\studia\semestr_vi\aws\aws\debug\aws.tlog\rc.read.1.tlog
d:\project\studia\semestr_vi\aws\aws\debug\aws.tlog\rc.write.1.tlog
