d:\project\studia\semestr_vi\projektgrupowy-aws\aws\aws\x64\debug\vc141.pdb
d:\project\studia\semestr_vi\projektgrupowy-aws\aws\aws\x64\debug\vc141.idb
d:\project\studia\semestr_vi\projektgrupowy-aws\aws\aws\x64\debug\segment.obj
d:\project\studia\semestr_vi\projektgrupowy-aws\aws\aws\x64\debug\manager.obj
d:\project\studia\semestr_vi\projektgrupowy-aws\aws\aws\x64\debug\main.obj
d:\project\studia\semestr_vi\projektgrupowy-aws\aws\aws\x64\debug\file.obj
d:\project\studia\semestr_vi\projektgrupowy-aws\aws\aws\x64\debug\engine.obj
d:\project\studia\semestr_vi\projektgrupowy-aws\aws\x64\debug\aws.ilk
d:\project\studia\semestr_vi\projektgrupowy-aws\aws\x64\debug\aws.exe
d:\project\studia\semestr_vi\projektgrupowy-aws\aws\x64\debug\aws.pdb
d:\project\studia\semestr_vi\projektgrupowy-aws\aws\aws\x64\debug\aws.res
d:\project\studia\semestr_vi\projektgrupowy-aws\aws\aws\x64\debug\aws.tlog\cl.command.1.tlog
d:\project\studia\semestr_vi\projektgrupowy-aws\aws\aws\x64\debug\aws.tlog\cl.read.1.tlog
d:\project\studia\semestr_vi\projektgrupowy-aws\aws\aws\x64\debug\aws.tlog\cl.write.1.tlog
d:\project\studia\semestr_vi\projektgrupowy-aws\aws\aws\x64\debug\aws.tlog\link.command.1.tlog
d:\project\studia\semestr_vi\projektgrupowy-aws\aws\aws\x64\debug\aws.tlog\link.read.1.tlog
d:\project\studia\semestr_vi\projektgrupowy-aws\aws\aws\x64\debug\aws.tlog\link.write.1.tlog
d:\project\studia\semestr_vi\projektgrupowy-aws\aws\aws\x64\debug\aws.tlog\rc.command.1.tlog
d:\project\studia\semestr_vi\projektgrupowy-aws\aws\aws\x64\debug\aws.tlog\rc.read.1.tlog
d:\project\studia\semestr_vi\projektgrupowy-aws\aws\aws\x64\debug\aws.tlog\rc.write.1.tlog
